<?xml version="1.0" encoding="UTF-8"?>
<testsuite xmlns:xsi="http://www.w3.org/2001/XMLSchema-instance" xsi:noNamespaceSchemaLocation="https://maven.apache.org/surefire/maven-surefire-plugin/xsd/surefire-test-report.xsd" version="3.0.2" name="TestSuite" time="75.554" tests="1" errors="0" skipped="0" failures="0">
  <properties>
[...]
</properties>
  <testcase name="runScenario[&quot;Valid user login&quot;, &quot;Login feature for Saucedemo&quot;](1)" classname="runners.TestRunner" time="73.239">
    <system-out><![CDATA[Feature file path: C:\Users\HarishPremkumar\eclipse\Java_Framework\src\test\resources\features\login.feature

Scenario: Valid user login                           &amp#27;[90m# src/test/resources/features/login.feature:3&amp#27;[0m
  &amp#27;[32mGiven &amp#27;[0m&amp#27;[32mthe user is on the login page&amp#27;[0m                &amp#27;[90m# ytest.webautomation.the_user_is_on_the_login_page()&amp#27;[0m
Element is visible and ready for interaction!
  &amp#27;[32mWhen &amp#27;[0m&amp#27;[32mthe user enters a valid username and password&amp#27;[0m &amp#27;[90m# ytest.webautomation.the_user_enters_a_valid_username_and_password()&amp#27;[0m
Completed
  &amp#27;[32mThen &amp#27;[0m&amp#27;[32mthe user should be logged in successfully&amp#27;[0m     &amp#27;[90m# ytest.webautomation.the_user_should_be_logged_in_successfully()&amp#27;[0m
]]></system-out>
    <system-err><![CDATA[SLF4J: Failed to load class "org.slf4j.impl.StaticLoggerBinder".
SLF4J: Defaulting to no-operation (NOP) logger implementation
SLF4J: See http://www.slf4j.org/codes.html#StaticLoggerBinder for further details.
Feb 06, 2025 3:19:20 PM org.openqa.selenium.devtools.CdpVersionFinder findNearestMatch
WARNING: Unable to find an exact match for CDP version 133, returning the closest version; found: 132; Please update to a Selenium version that supports CDP version 133
]]></system-err>
  </testcase>
</testsuite>