<?xml version="1.0" encoding="UTF-8"?>
<testng-results ignored="0" total="1" passed="1" failed="0" skipped="0">
  <reporter-output>
  </reporter-output>
  <suite started-at="2025-02-06T15:19:16 IST" name="WebAutomationSuite" finished-at="2025-02-06T15:20:31 IST" duration-ms="74346">
    <groups>
      <group name="cucumber">
        <method signature="AbstractTestNGCucumberTests.runScenario(io.cucumber.testng.PickleWrapper,io.cucumber.testng.FeatureWrapper)[pri:0, instance:runners.TestRunner@4722ef0c]" name="runScenario" class="io.cucumber.testng.AbstractTestNGCucumberTests"/>
      </group> <!-- cucumber -->
    </groups>
    <test started-at="2025-02-06T15:19:16 IST" name="WebAutomationTests" finished-at="2025-02-06T15:20:31 IST" duration-ms="74346">
      <class name="runners.TestRunner">
        <test-method is-config="true" signature="setUpClass(org.testng.ITestContext)[pri:0, instance:runners.TestRunner@4722ef0c]" started-at="2025-02-06T15:19:16 IST" name="setUpClass" finished-at="2025-02-06T15:19:17 IST" duration-ms="786" status="PASS">
          <params>
            <param index="0">
              <value>
                <![CDATA[org.testng.TestRunner@59edb4f5]]>
              </value>
            </param>
          </params>
          <reporter-output>
          </reporter-output>
        </test-method> <!-- setUpClass -->
        <test-method is-config="true" signature="setUp()[pri:0, instance:runners.TestRunner@4722ef0c]" started-at="2025-02-06T15:19:17 IST" name="setUp" finished-at="2025-02-06T15:19:17 IST" duration-ms="1" status="PASS">
          <reporter-output>
          </reporter-output>
        </test-method> <!-- setUp -->
        <test-method signature="runScenario(io.cucumber.testng.PickleWrapper,io.cucumber.testng.FeatureWrapper)[pri:0, instance:runners.TestRunner@4722ef0c]" started-at="2025-02-06T15:19:17 IST" name="runScenario" description="Runs Cucumber Scenarios" data-provider="scenarios" finished-at="2025-02-06T15:20:30 IST" duration-ms="73096" status="PASS">
          <params>
            <param index="0">
              <value>
                <![CDATA["Valid user login"]]>
              </value>
            </param>
            <param index="1">
              <value>
                <![CDATA["Login feature for Saucedemo"]]>
              </value>
            </param>
          </params>
          <reporter-output>
          </reporter-output>
        </test-method> <!-- runScenario -->
        <test-method is-config="true" signature="tearDownClass()[pri:0, instance:runners.TestRunner@4722ef0c]" started-at="2025-02-06T15:20:30 IST" name="tearDownClass" finished-at="2025-02-06T15:20:31 IST" duration-ms="253" status="PASS">
          <reporter-output>
          </reporter-output>
        </test-method> <!-- tearDownClass -->
      </class> <!-- runners.TestRunner -->
    </test> <!-- WebAutomationTests -->
  </suite> <!-- WebAutomationSuite -->
</testng-results>
